build/app/intermediates/manifest_merge_blame_file/debug/manifest-merger-blame-debug-report.txt
1<?xml version="1.0" encoding="utf-8"?>
2<manifest xmlns:android="http://schemas.android.com/apk/res/android"
3    package="com.example.music_player"
4    android:versionCode="1"
5    android:versionName="1.0.0" >
6
7    <uses-sdk
8        android:minSdkVersion="19"
9        android:targetSdkVersion="33" />
10    <!--
11         The INTERNET permission is required for development. Specifically,
12         the Flutter tool needs it to communicate with the running application
13         to allow setting breakpoints, to provide hot reload, etc.
14    -->
15    <uses-permission android:name="android.permission.INTERNET" />
15-->src/debug/AndroidManifest.xml:7:5-66
15-->src/debug/AndroidManifest.xml:7:22-64
16    <uses-permission android:name="android.permission.FOREGROUND_SERVICE" />
16-->[:assets_audio_player] AndroidManifest.xml:9:5-77
16-->[:assets_audio_player] AndroidManifest.xml:9:22-74
17    <uses-permission android:name="android.permission.VIBRATE" />
17-->[:assets_audio_player] AndroidManifest.xml:10:5-66
17-->[:assets_audio_player] AndroidManifest.xml:10:22-63
18    <uses-permission android:name="android.permission.WAKE_LOCK" />
18-->[:assets_audio_player] AndroidManifest.xml:11:5-68
18-->[:assets_audio_player] AndroidManifest.xml:11:22-65
19    <uses-permission android:name="android.permission.WRITE_EXTERNAL_STORAGE" />
20    <uses-permission android:name="android.permission.READ_PHONE_STATE" />
21    <uses-permission android:name="android.permission.READ_EXTERNAL_STORAGE" />
22    <uses-permission android:name="android.permission.ACCESS_NETWORK_STATE" />
22-->[com.google.android.exoplayer:exoplayer-core:2.17.1] AndroidManifest.xml:24:5-79
22-->[com.google.android.exoplayer:exoplayer-core:2.17.1] AndroidManifest.xml:24:22-76
23
24    <application
25        android:name="io.flutter.app.FlutterMultiDexApplication"
26        android:appComponentFactory="androidx.core.app.CoreComponentFactory"
26-->[androidx.core:core:1.7.0] AndroidManifest.xml:24:18-86
27        android:debuggable="true"
28        android:icon="@mipmap/ic_launcher"
29        android:label="music_player" >
30        <activity
31            android:name="com.example.music_player.MainActivity"
32            android:configChanges="orientation|keyboardHidden|keyboard|screenSize|smallestScreenSize|locale|layoutDirection|fontScale|screenLayout|density|uiMode"
33            android:exported="true"
34            android:hardwareAccelerated="true"
35            android:launchMode="singleTop"
36            android:theme="@style/LaunchTheme"
37            android:windowSoftInputMode="adjustResize" >
38
39            <!--
40                 Specifies an Android theme to apply to this Activity as soon as
41                 the Android process has started. This theme is visible to the user
42                 while the Flutter UI initializes. After that, this theme continues
43                 to determine the Window background behind the Flutter UI.
44            -->
45            <meta-data
46                android:name="io.flutter.embedding.android.NormalTheme"
47                android:resource="@style/NormalTheme" />
48
49            <intent-filter>
50                <action android:name="android.intent.action.MAIN" />
51
52                <category android:name="android.intent.category.LAUNCHER" />
53            </intent-filter>
54        </activity>
55        <!--
56             Don't delete the meta-data below.
57             This is used by the Flutter tool to generate GeneratedPluginRegistrant.java
58        -->
59        <meta-data
60            android:name="flutterEmbedding"
61            android:value="2" />
62
63        <receiver
63-->[:assets_audio_player] AndroidManifest.xml:14:9-16:39
64            android:name="com.github.florent37.assets_audio_player.notification.NotificationActionReceiver"
64-->[:assets_audio_player] AndroidManifest.xml:15:13-108
65            android:exported="true" />
65-->[:assets_audio_player] AndroidManifest.xml:16:13-36
66        <receiver
66-->[:assets_audio_player] AndroidManifest.xml:17:9-23:20
67            android:name="com.github.florent37.assets_audio_player.notification.CustomMediaButtonReceiver"
67-->[:assets_audio_player] AndroidManifest.xml:18:13-107
68            android:exported="true" >
68-->[:assets_audio_player] AndroidManifest.xml:19:13-36
69            <intent-filter>
69-->[:assets_audio_player] AndroidManifest.xml:20:13-22:29
70                <action android:name="android.intent.action.MEDIA_BUTTON" />
70-->[:assets_audio_player] AndroidManifest.xml:21:17-77
70-->[:assets_audio_player] AndroidManifest.xml:21:25-74
71            </intent-filter>
72        </receiver>
73
74        <service
74-->[:assets_audio_player] AndroidManifest.xml:25:9-35:19
75            android:name="com.github.florent37.assets_audio_player.notification.NotificationService"
75-->[:assets_audio_player] AndroidManifest.xml:26:13-101
76            android:enabled="true"
76-->[:assets_audio_player] AndroidManifest.xml:27:13-35
77            android:exported="true" >
77-->[:assets_audio_player] AndroidManifest.xml:28:13-36
78
79            <!--
80            <intent-filter>
81                <action android:name="android.intent.action.MEDIA_BUTTON" />
82            </intent-filter>
83            -->
84        </service>
85
86        <uses-library
86-->[androidx.window:window:1.0.0-beta04] AndroidManifest.xml:25:9-27:40
87            android:name="androidx.window.extensions"
87-->[androidx.window:window:1.0.0-beta04] AndroidManifest.xml:26:13-54
88            android:required="false" />
88-->[androidx.window:window:1.0.0-beta04] AndroidManifest.xml:27:13-37
89        <uses-library
89-->[androidx.window:window:1.0.0-beta04] AndroidManifest.xml:28:9-30:40
90            android:name="androidx.window.sidecar"
90-->[androidx.window:window:1.0.0-beta04] AndroidManifest.xml:29:13-51
91            android:required="false" />
91-->[androidx.window:window:1.0.0-beta04] AndroidManifest.xml:30:13-37
92    </application>
93
94</manifest>